<?xml version="1.0" encoding="UTF-8"?>
<!-- Generated by org.testng.reporters.JUnitXMLReporter -->
<testsuite ignored="0" hostname="DESKTOP-G7OM2A0" failures="1" tests="1" name="Test" time="14.383" errors="0" timestamp="2022-09-23T13:07:42 CEST">
  <testcase classname="testcase.CheckPremiums" name="checkPoloShirts" time="7.431">
    <failure type="java.lang.AssertionError" message="null">
      <![CDATA[java.lang.AssertionError: null
at utilities.Functions.fetchProducts(Functions.java:71)
at testcase.CheckPremiums.checkPoloShirts(CheckPremiums.java:18)
at java.base/java.util.ArrayList.forEach(ArrayList.java:1511)
... Removed 29 stack frames]]>
    </failure>
  </testcase> <!-- checkPoloShirts -->
</testsuite> <!-- Test -->
