<?xml version="1.0" encoding="UTF-8"?>
<!-- Generated by org.testng.reporters.JUnitReportReporter -->
<testsuite hostname="DESKTOP-G7OM2A0" failures="1" tests="1" name="testcase.CheckPremiums" time="7.431" errors="0" timestamp="2022-09-23T13:07:42 CEST" skipped="0">
  <testcase classname="testcase.CheckPremiums" name="checkPoloShirts" time="7.431">
    <failure message="null" type="java.lang.AssertionError">
      <![CDATA[java.lang.AssertionError: null
at org.testng.Assert.fail(Assert.java:99)
at org.testng.Assert.fail(Assert.java:106)
at utilities.Functions.fetchProducts(Functions.java:71)
at testcase.CheckPremiums.checkPoloShirts(CheckPremiums.java:18)
at java.base/jdk.internal.reflect.NativeMethodAccessorImpl.invoke0(Native Method)
at java.base/jdk.internal.reflect.NativeMethodAccessorImpl.invoke(NativeMethodAccessorImpl.java:77)
at java.base/jdk.internal.reflect.DelegatingMethodAccessorImpl.invoke(DelegatingMethodAccessorImpl.java:43)
at java.base/java.lang.reflect.Method.invoke(Method.java:568)
at org.testng.internal.MethodInvocationHelper.invokeMethod(MethodInvocationHelper.java:133)
at org.testng.internal.TestInvoker.invokeMethod(TestInvoker.java:598)
at org.testng.internal.TestInvoker.invokeTestMethod(TestInvoker.java:173)
at org.testng.internal.MethodRunner.runInSequence(MethodRunner.java:46)
at org.testng.internal.TestInvoker$MethodInvocationAgent.invoke(TestInvoker.java:824)
at org.testng.internal.TestInvoker.invokeTestMethods(TestInvoker.java:146)
at org.testng.internal.TestMethodWorker.invokeTestMethods(TestMethodWorker.java:146)
at org.testng.internal.TestMethodWorker.run(TestMethodWorker.java:128)
at java.base/java.util.ArrayList.forEach(ArrayList.java:1511)
at org.testng.TestRunner.privateRun(TestRunner.java:794)
at org.testng.TestRunner.run(TestRunner.java:596)
at org.testng.SuiteRunner.runTest(SuiteRunner.java:377)
at org.testng.SuiteRunner.runSequentially(SuiteRunner.java:371)
at org.testng.SuiteRunner.privateRun(SuiteRunner.java:332)
at org.testng.SuiteRunner.run(SuiteRunner.java:276)
at org.testng.SuiteRunnerWorker.runSuite(SuiteRunnerWorker.java:53)
at org.testng.SuiteRunnerWorker.run(SuiteRunnerWorker.java:96)
at org.testng.TestNG.runSuitesSequentially(TestNG.java:1212)
at org.testng.TestNG.runSuitesLocally(TestNG.java:1134)
at org.testng.TestNG.runSuites(TestNG.java:1063)
at org.testng.TestNG.run(TestNG.java:1031)
at org.testng.remote.AbstractRemoteTestNG.run(AbstractRemoteTestNG.java:115)
at org.testng.remote.RemoteTestNG.initAndRun(RemoteTestNG.java:251)
at org.testng.remote.RemoteTestNG.main(RemoteTestNG.java:77)
]]>
    </failure>
  </testcase> <!-- checkPoloShirts -->
  <system-out>
    <![CDATA[

Ár/ termék: {20992=HACKETT LONDON, 16641=BOSS GREEN, 17091=J.LINDEBERG, 18691=NN07, 21990=BOSS ORANGE, 23366=BOSS GREEN, 19593=CALVIN KLEIN, 11466=JOOP!, 23242=HACKETT LONDON, 13867=ALLSAINTS, 16492=JOOP! JEANS, 18990=BOSS ORANGE, 22990=CALVIN KLEIN, 19791=J.LINDEBERG, 23093=POLO RALPH LAUREN, 18742=BOSS GREEN, 15192=JOOP! JEANS, 19992=BOSS BLACK, 22392=EA7 EMPORIO ARMANI, 21241=BOSS BLACK, 22393=HUGO, 19194=JOOP!, 22491=DIESEL}

Legmagasabb ár: 23366 Termék:BOSS GREEN
Legalacsonyabb ár: 11466 Termék: JOOP!]]>
  </system-out>
</testsuite> <!-- testcase.CheckPremiums -->
